d:\lasalle\s4\2d game\raylib\snakegame\x64\debug\vc143.pdb
d:\lasalle\s4\2d game\raylib\snakegame\x64\debug\vc143.idb
d:\lasalle\s4\2d game\raylib\snakegame\x64\debug\update.obj
d:\lasalle\s4\2d game\raylib\snakegame\x64\debug\snakegame.obj
d:\lasalle\s4\2d game\raylib\snakegame\x64\debug\draw.obj
d:\lasalle\s4\2d game\raylib\snakegame\x64\debug\start.obj
d:\lasalle\s4\2d game\raylib\snakegame\x64\debug\restart.obj
d:\lasalle\s4\2d game\raylib\snakegame\x64\debug\main.obj
d:\lasalle\s4\2d game\raylib\snakegame\x64\debug\randomnode.obj
d:\lasalle\s4\2d game\raylib\snakegame\x64\debug\fixupdate.obj
d:\lasalle\s4\2d game\raylib\snakegame\x64\debug\interacion.obj
d:\lasalle\s4\2d game\raylib\snakegame\x64\debug\redorgreen.obj
d:\lasalle\s4\2d game\raylib\snakegame\x64\debug\getneighbours.obj
d:\lasalle\s4\2d game\raylib\snakegame\x64\debug\bfs.obj
d:\lasalle\s4\2d game\raylib\x64\debug\snakegame.exe
d:\lasalle\s4\2d game\raylib\x64\debug\snakegame.pdb
d:\lasalle\s4\2d game\raylib\snakegame\x64\debug\snakegame.ilk
d:\lasalle\s4\2d game\raylib\snakegame\x64\debug\snakegame.tlog\cl.command.1.tlog
d:\lasalle\s4\2d game\raylib\snakegame\x64\debug\snakegame.tlog\cl.items.tlog
d:\lasalle\s4\2d game\raylib\snakegame\x64\debug\snakegame.tlog\cl.read.1.tlog
d:\lasalle\s4\2d game\raylib\snakegame\x64\debug\snakegame.tlog\cl.write.1.tlog
d:\lasalle\s4\2d game\raylib\snakegame\x64\debug\snakegame.tlog\link.command.1.tlog
d:\lasalle\s4\2d game\raylib\snakegame\x64\debug\snakegame.tlog\link.read.1.tlog
d:\lasalle\s4\2d game\raylib\snakegame\x64\debug\snakegame.tlog\link.secondary.1.tlog
d:\lasalle\s4\2d game\raylib\snakegame\x64\debug\snakegame.tlog\link.write.1.tlog
